0 info it worked if it ends with ok
1 verbose cli [ 'C:\\Program Files\\nodejs\\node.exe',
1 verbose cli   'C:\\Program Files\\nodejs\\node_modules\\npm\\bin\\npm-cli.js',
1 verbose cli   'i',
1 verbose cli   '-S',
1 verbose cli   'line-in' ]
2 info using npm@3.10.10
3 info using node@v7.2.1
4 silly loadCurrentTree Starting
5 silly install loadCurrentTree
6 silly install readLocalPackageData
7 silly fetchPackageMetaData line-in
8 silly fetchNamedPackageData line-in
9 silly mapToRegistry name line-in
10 silly mapToRegistry using default registry
11 silly mapToRegistry registry https://registry.npmjs.org/
12 silly mapToRegistry data Result {
12 silly mapToRegistry   raw: 'line-in',
12 silly mapToRegistry   scope: null,
12 silly mapToRegistry   escapedName: 'line-in',
12 silly mapToRegistry   name: 'line-in',
12 silly mapToRegistry   rawSpec: '',
12 silly mapToRegistry   spec: 'latest',
12 silly mapToRegistry   type: 'tag' }
13 silly mapToRegistry uri https://registry.npmjs.org/line-in
14 verbose request uri https://registry.npmjs.org/line-in
15 verbose request no auth needed
16 info attempt registry request try #1 at 10:58:30 AM
17 verbose request id c841bd5dbe85e869
18 verbose etag W/"484469ce23a83d4c773004cf967c19b7"
19 verbose lastModified Sun, 27 May 2018 06:47:14 GMT
20 http request GET https://registry.npmjs.org/line-in
21 http 304 https://registry.npmjs.org/line-in
22 verbose headers { date: 'Tue, 12 Mar 2019 05:28:31 GMT',
22 verbose headers   connection: 'keep-alive',
22 verbose headers   'set-cookie': [ '__cfduid=d68ea35b722b1fd255fc4ab7be72e71451552368511; expires=Wed, 11-Mar-20 05:28:31 GMT; path=/; domain=.registry.npmjs.org; HttpOnly' ],
22 verbose headers   'cf-cache-status': 'HIT',
22 verbose headers   'cache-control': 'max-age=300',
22 verbose headers   'cf-ray': '4b635d7aebcfaae8-MAA',
22 verbose headers   etag: '"484469ce23a83d4c773004cf967c19b7"',
22 verbose headers   'expect-ct': 'max-age=604800, report-uri="https://report-uri.cloudflare.com/cdn-cgi/beacon/expect-ct"',
22 verbose headers   'last-modified': 'Sun, 27 May 2018 06:47:14 GMT',
22 verbose headers   vary: 'accept-encoding, accept',
22 verbose headers   server: 'cloudflare' }
23 silly get cb [ 304,
23 silly get   { date: 'Tue, 12 Mar 2019 05:28:31 GMT',
23 silly get     connection: 'keep-alive',
23 silly get     'set-cookie': [ '__cfduid=d68ea35b722b1fd255fc4ab7be72e71451552368511; expires=Wed, 11-Mar-20 05:28:31 GMT; path=/; domain=.registry.npmjs.org; HttpOnly' ],
23 silly get     'cf-cache-status': 'HIT',
23 silly get     'cache-control': 'max-age=300',
23 silly get     'cf-ray': '4b635d7aebcfaae8-MAA',
23 silly get     etag: '"484469ce23a83d4c773004cf967c19b7"',
23 silly get     'expect-ct': 'max-age=604800, report-uri="https://report-uri.cloudflare.com/cdn-cgi/beacon/expect-ct"',
23 silly get     'last-modified': 'Sun, 27 May 2018 06:47:14 GMT',
23 silly get     vary: 'accept-encoding, accept',
23 silly get     server: 'cloudflare' } ]
24 verbose etag https://registry.npmjs.org/line-in from cache
25 verbose get saving line-in to C:\Users\Ashok\AppData\Roaming\npm-cache\registry.npmjs.org\line-in\.cache.json
26 verbose correctMkdir C:\Users\Ashok\AppData\Roaming\npm-cache correctMkdir not in flight; initializing
27 silly install normalizeTree
28 silly loadCurrentTree Finishing
29 silly loadIdealTree Starting
30 silly install loadIdealTree
31 silly cloneCurrentTree Starting
32 silly install cloneCurrentTreeToIdealTree
33 silly cloneCurrentTree Finishing
34 silly loadShrinkwrap Starting
35 silly install loadShrinkwrap
36 silly loadShrinkwrap Finishing
37 silly loadAllDepsIntoIdealTree Starting
38 silly install loadAllDepsIntoIdealTree
39 silly resolveWithNewModule line-in@0.1.2 checking installable status
40 silly cache add args [ 'line-in', null ]
41 verbose cache add spec line-in
42 silly cache add parsed spec Result {
42 silly cache add   raw: 'line-in',
42 silly cache add   scope: null,
42 silly cache add   escapedName: 'line-in',
42 silly cache add   name: 'line-in',
42 silly cache add   rawSpec: '',
42 silly cache add   spec: 'latest',
42 silly cache add   type: 'tag' }
43 silly addNamed line-in@latest
44 verbose addNamed "latest" is being treated as a dist-tag for line-in
45 info addNameTag [ 'line-in', 'latest' ]
46 silly mapToRegistry name line-in
47 silly mapToRegistry using default registry
48 silly mapToRegistry registry https://registry.npmjs.org/
49 silly mapToRegistry data Result {
49 silly mapToRegistry   raw: 'line-in',
49 silly mapToRegistry   scope: null,
49 silly mapToRegistry   escapedName: 'line-in',
49 silly mapToRegistry   name: 'line-in',
49 silly mapToRegistry   rawSpec: '',
49 silly mapToRegistry   spec: 'latest',
49 silly mapToRegistry   type: 'tag' }
50 silly mapToRegistry uri https://registry.npmjs.org/line-in
51 verbose addNameTag registry:https://registry.npmjs.org/line-in not in flight; fetching
52 verbose get https://registry.npmjs.org/line-in not expired, no request
53 silly addNameTag next cb for line-in with tag latest
54 silly addNamed line-in@0.1.2
55 verbose addNamed "0.1.2" is a plain semver version for line-in
56 silly cache afterAdd line-in@0.1.2
57 verbose afterAdd C:\Users\Ashok\AppData\Roaming\npm-cache\line-in\0.1.2\package\package.json not in flight; writing
58 verbose correctMkdir C:\Users\Ashok\AppData\Roaming\npm-cache correctMkdir not in flight; initializing
59 verbose afterAdd C:\Users\Ashok\AppData\Roaming\npm-cache\line-in\0.1.2\package\package.json written
60 silly loadAllDepsIntoIdealTree Finishing
61 silly loadIdealTree Finishing
62 silly currentTree nodewatsonservicepoc@1.0.0
62 silly currentTree +-- @types/caseless@0.12.2
62 silly currentTree +-- @types/csv-stringify@1.4.3
62 silly currentTree +-- @types/extend@3.0.1
62 silly currentTree +-- @types/file-type@5.2.2
62 silly currentTree +-- @types/form-data@2.2.1
62 silly currentTree +-- @types/is-stream@1.1.0
62 silly currentTree +-- @types/node@10.3.6
62 silly currentTree +-- @types/request@2.47.1
62 silly currentTree +-- @types/tough-cookie@2.3.5
62 silly currentTree +-- ajv@5.5.2
62 silly currentTree +-- asn1@0.2.4
62 silly currentTree +-- assert-plus@1.0.0
62 silly currentTree +-- async@2.6.2
62 silly currentTree +-- asynckit@0.4.0
62 silly currentTree +-- aws-sign2@0.7.0
62 silly currentTree +-- aws4@1.8.0
62 silly currentTree +-- bcrypt-pbkdf@1.0.2
62 silly currentTree +-- buffer-from@1.1.1
62 silly currentTree +-- caseless@0.12.0
62 silly currentTree +-- co@4.6.0
62 silly currentTree +-- combined-stream@1.0.7
62 silly currentTree +-- core-util-is@1.0.2
62 silly currentTree +-- csv-stringify@1.0.4
62 silly currentTree +-- dashdash@1.14.1
62 silly currentTree +-- debug@2.6.9
62 silly currentTree +-- delayed-stream@1.0.0
62 silly currentTree +-- dotenv@6.2.0
62 silly currentTree +-- ecc-jsbn@0.1.2
62 silly currentTree +-- extend@3.0.2
62 silly currentTree +-- extsprintf@1.3.0
62 silly currentTree +-- fast-deep-equal@1.1.0
62 silly currentTree +-- fast-json-stable-stringify@2.0.0
62 silly currentTree +-- file-type@7.7.1
62 silly currentTree +-- forever-agent@0.6.1
62 silly currentTree +-- form-data@2.3.3
62 silly currentTree +-- getpass@0.1.7
62 silly currentTree +-- har-schema@2.0.0
62 silly currentTree +-- har-validator@5.0.3
62 silly currentTree +-- http-signature@1.2.0
62 silly currentTree +-- is-extendable@1.0.1
62 silly currentTree +-- is-plain-object@2.0.4
62 silly currentTree +-- is-typedarray@1.0.0
62 silly currentTree +-- isobject@3.0.1
62 silly currentTree +-- isstream@0.1.2
62 silly currentTree +-- jsbn@0.1.1
62 silly currentTree +-- json-schema-traverse@0.3.1
62 silly currentTree +-- json-schema@0.2.3
62 silly currentTree +-- json-stringify-safe@5.0.1
62 silly currentTree +-- jsprim@1.4.1
62 silly currentTree +-- lodash.get@4.4.2
62 silly currentTree +-- lodash@4.17.11
62 silly currentTree +-- mime-db@1.38.0
62 silly currentTree +-- mime-types@2.1.22
62 silly currentTree +-- ms@2.0.0
62 silly currentTree +-- nan@2.12.1
62 silly currentTree +-- oauth-sign@0.8.2
62 silly currentTree +-- object.omit@3.0.0
62 silly currentTree +-- object.pick@1.3.0
62 silly currentTree +-- performance-now@2.1.0
62 silly currentTree +-- punycode@1.4.1
62 silly currentTree +-- qs@6.5.2
62 silly currentTree +-- request@2.87.0
62 silly currentTree +-- safe-buffer@5.1.2
62 silly currentTree +-- safer-buffer@2.1.2
62 silly currentTree +-- semver@5.6.0
62 silly currentTree +-- sshpk@1.16.1
62 silly currentTree +-- tough-cookie@2.3.4
62 silly currentTree +-- tunnel-agent@0.6.0
62 silly currentTree +-- tweetnacl@0.14.5
62 silly currentTree +-- typedarray-to-buffer@3.1.5
62 silly currentTree +-- uuid@3.3.2
62 silly currentTree +-- vcap_services@0.3.4
62 silly currentTree +-- verror@1.10.0
62 silly currentTree +-- watson-developer-cloud@3.18.1
62 silly currentTree | `-- dotenv@2.0.0
62 silly currentTree +-- websocket@1.0.28
62 silly currentTree `-- yaeti@0.0.6
63 silly idealTree nodewatsonservicepoc@1.0.0
63 silly idealTree +-- @types/caseless@0.12.2
63 silly idealTree +-- @types/csv-stringify@1.4.3
63 silly idealTree +-- @types/extend@3.0.1
63 silly idealTree +-- @types/file-type@5.2.2
63 silly idealTree +-- @types/form-data@2.2.1
63 silly idealTree +-- @types/is-stream@1.1.0
63 silly idealTree +-- @types/node@10.3.6
63 silly idealTree +-- @types/request@2.47.1
63 silly idealTree +-- @types/tough-cookie@2.3.5
63 silly idealTree +-- ajv@5.5.2
63 silly idealTree +-- asn1@0.2.4
63 silly idealTree +-- assert-plus@1.0.0
63 silly idealTree +-- async@2.6.2
63 silly idealTree +-- asynckit@0.4.0
63 silly idealTree +-- aws-sign2@0.7.0
63 silly idealTree +-- aws4@1.8.0
63 silly idealTree +-- bcrypt-pbkdf@1.0.2
63 silly idealTree +-- buffer-from@1.1.1
63 silly idealTree +-- caseless@0.12.0
63 silly idealTree +-- co@4.6.0
63 silly idealTree +-- combined-stream@1.0.7
63 silly idealTree +-- core-util-is@1.0.2
63 silly idealTree +-- csv-stringify@1.0.4
63 silly idealTree +-- dashdash@1.14.1
63 silly idealTree +-- debug@2.6.9
63 silly idealTree +-- delayed-stream@1.0.0
63 silly idealTree +-- dotenv@6.2.0
63 silly idealTree +-- ecc-jsbn@0.1.2
63 silly idealTree +-- extend@3.0.2
63 silly idealTree +-- extsprintf@1.3.0
63 silly idealTree +-- fast-deep-equal@1.1.0
63 silly idealTree +-- fast-json-stable-stringify@2.0.0
63 silly idealTree +-- file-type@7.7.1
63 silly idealTree +-- forever-agent@0.6.1
63 silly idealTree +-- form-data@2.3.3
63 silly idealTree +-- getpass@0.1.7
63 silly idealTree +-- har-schema@2.0.0
63 silly idealTree +-- har-validator@5.0.3
63 silly idealTree +-- http-signature@1.2.0
63 silly idealTree +-- is-extendable@1.0.1
63 silly idealTree +-- is-plain-object@2.0.4
63 silly idealTree +-- is-typedarray@1.0.0
63 silly idealTree +-- isobject@3.0.1
63 silly idealTree +-- isstream@0.1.2
63 silly idealTree +-- jsbn@0.1.1
63 silly idealTree +-- json-schema-traverse@0.3.1
63 silly idealTree +-- json-schema@0.2.3
63 silly idealTree +-- json-stringify-safe@5.0.1
63 silly idealTree +-- jsprim@1.4.1
63 silly idealTree +-- line-in@0.1.2
63 silly idealTree +-- lodash.get@4.4.2
63 silly idealTree +-- lodash@4.17.11
63 silly idealTree +-- mime-db@1.38.0
63 silly idealTree +-- mime-types@2.1.22
63 silly idealTree +-- ms@2.0.0
63 silly idealTree +-- nan@2.12.1
63 silly idealTree +-- oauth-sign@0.8.2
63 silly idealTree +-- object.omit@3.0.0
63 silly idealTree +-- object.pick@1.3.0
63 silly idealTree +-- performance-now@2.1.0
63 silly idealTree +-- punycode@1.4.1
63 silly idealTree +-- qs@6.5.2
63 silly idealTree +-- request@2.87.0
63 silly idealTree +-- safe-buffer@5.1.2
63 silly idealTree +-- safer-buffer@2.1.2
63 silly idealTree +-- semver@5.6.0
63 silly idealTree +-- sshpk@1.16.1
63 silly idealTree +-- tough-cookie@2.3.4
63 silly idealTree +-- tunnel-agent@0.6.0
63 silly idealTree +-- tweetnacl@0.14.5
63 silly idealTree +-- typedarray-to-buffer@3.1.5
63 silly idealTree +-- uuid@3.3.2
63 silly idealTree +-- vcap_services@0.3.4
63 silly idealTree +-- verror@1.10.0
63 silly idealTree +-- watson-developer-cloud@3.18.1
63 silly idealTree | `-- dotenv@2.0.0
63 silly idealTree +-- websocket@1.0.28
63 silly idealTree `-- yaeti@0.0.6
64 silly generateActionsToTake Starting
65 silly install generateActionsToTake
66 silly generateActionsToTake Finishing
67 silly diffTrees action count 1
68 silly diffTrees add line-in@0.1.2
69 silly decomposeActions action count 8
70 silly decomposeActions fetch line-in@0.1.2
71 silly decomposeActions extract line-in@0.1.2
72 silly decomposeActions test line-in@0.1.2
73 silly decomposeActions preinstall line-in@0.1.2
74 silly decomposeActions build line-in@0.1.2
75 silly decomposeActions install line-in@0.1.2
76 silly decomposeActions postinstall line-in@0.1.2
77 silly decomposeActions finalize line-in@0.1.2
78 silly runTopLevelLifecycles Starting
79 silly executeActions Starting
80 silly install executeActions
81 silly doSerial global-install 0
82 silly doParallel fetch 1
83 verbose correctMkdir C:\Users\Ashok\AppData\Roaming\npm-cache\_locks correctMkdir not in flight; initializing
84 verbose lock using C:\Users\Ashok\AppData\Roaming\npm-cache\_locks\staging-403af800f16e1be8.lock for D:\Codebase\NodeJs\IBM Watson\node_modules\.staging
85 silly doParallel extract 1
86 silly extract line-in@0.1.2
87 verbose unbuild node_modules\.staging\line-in-681fa409
88 silly gentlyRm D:\Codebase\NodeJs\IBM Watson\node_modules\.staging\line-in-681fa409 is being purged from base D:\Codebase\NodeJs\IBM Watson
89 verbose gentlyRm don't care about contents; nuking D:\Codebase\NodeJs\IBM Watson\node_modules\.staging\line-in-681fa409
90 verbose tar unpack C:\Users\Ashok\AppData\Roaming\npm-cache\line-in\0.1.2\package.tgz
91 verbose tar unpacking to D:\Codebase\NodeJs\IBM Watson\node_modules\.staging\line-in-681fa409
92 silly gentlyRm D:\Codebase\NodeJs\IBM Watson\node_modules\.staging\line-in-681fa409 is being purged
93 verbose gentlyRm don't care about contents; nuking D:\Codebase\NodeJs\IBM Watson\node_modules\.staging\line-in-681fa409
94 silly gunzTarPerm modes [ '777', '666' ]
95 silly gunzTarPerm extractEntry package.json
96 silly gunzTarPerm modified mode [ 'package.json', 420, 438 ]
97 silly gunzTarPerm extractEntry .npmignore
98 silly gunzTarPerm modified mode [ '.npmignore', 420, 438 ]
99 silly gunzTarPerm extractEntry index.js
100 silly gunzTarPerm modified mode [ 'index.js', 420, 438 ]
101 silly gunzTarPerm extractEntry binding.gyp
102 silly gunzTarPerm modified mode [ 'binding.gyp', 420, 438 ]
103 silly gunzTarPerm extractEntry src/darwin.cc
104 silly gunzTarPerm modified mode [ 'src/darwin.cc', 420, 438 ]
105 silly gunzTarPerm extractEntry src/pulse.cc
106 silly gunzTarPerm modified mode [ 'src/pulse.cc', 420, 438 ]
107 silly gunzTarPerm extractEntry readme.md
108 silly gunzTarPerm modified mode [ 'readme.md', 420, 438 ]
109 silly gunzTarPerm extractEntry vendor/pulse/operation.h
110 silly gunzTarPerm modified mode [ 'vendor/pulse/operation.h', 420, 438 ]
111 silly gunzTarPerm extractEntry vendor/pulse/cdecl.h
112 silly gunzTarPerm modified mode [ 'vendor/pulse/cdecl.h', 420, 438 ]
113 silly gunzTarPerm extractEntry vendor/pulse/context.h
114 silly gunzTarPerm modified mode [ 'vendor/pulse/context.h', 420, 438 ]
115 silly gunzTarPerm extractEntry vendor/pulse/def.h
116 silly gunzTarPerm modified mode [ 'vendor/pulse/def.h', 420, 438 ]
117 silly gunzTarPerm extractEntry vendor/pulse/direction.h
118 silly gunzTarPerm modified mode [ 'vendor/pulse/direction.h', 420, 438 ]
119 silly gunzTarPerm extractEntry vendor/pulse/error.h
120 silly gunzTarPerm modified mode [ 'vendor/pulse/error.h', 420, 438 ]
121 silly gunzTarPerm extractEntry vendor/pulse/ext-device-manager.h
122 silly gunzTarPerm modified mode [ 'vendor/pulse/ext-device-manager.h', 420, 438 ]
123 silly gunzTarPerm extractEntry vendor/pulse/ext-device-restore.h
124 silly gunzTarPerm modified mode [ 'vendor/pulse/ext-device-restore.h', 420, 438 ]
125 silly gunzTarPerm extractEntry vendor/pulse/ext-stream-restore.h
126 silly gunzTarPerm modified mode [ 'vendor/pulse/ext-stream-restore.h', 420, 438 ]
127 silly gunzTarPerm extractEntry vendor/pulse/format.h
128 silly gunzTarPerm modified mode [ 'vendor/pulse/format.h', 420, 438 ]
129 silly gunzTarPerm extractEntry vendor/pulse/gccmacro.h
130 silly gunzTarPerm modified mode [ 'vendor/pulse/gccmacro.h', 420, 438 ]
131 silly gunzTarPerm extractEntry vendor/pulse/glib-mainloop.h
132 silly gunzTarPerm modified mode [ 'vendor/pulse/glib-mainloop.h', 420, 438 ]
133 silly gunzTarPerm extractEntry vendor/pulse/introspect.h
134 silly gunzTarPerm modified mode [ 'vendor/pulse/introspect.h', 420, 438 ]
135 silly gunzTarPerm extractEntry vendor/pulse/mainloop-api.h
136 silly gunzTarPerm modified mode [ 'vendor/pulse/mainloop-api.h', 420, 438 ]
137 silly gunzTarPerm extractEntry vendor/pulse/mainloop-signal.h
138 silly gunzTarPerm modified mode [ 'vendor/pulse/mainloop-signal.h', 420, 438 ]
139 silly gunzTarPerm extractEntry vendor/pulse/mainloop.h
140 silly gunzTarPerm modified mode [ 'vendor/pulse/mainloop.h', 420, 438 ]
141 silly gunzTarPerm extractEntry vendor/pulse/channelmap.h
142 silly gunzTarPerm modified mode [ 'vendor/pulse/channelmap.h', 420, 438 ]
143 silly gunzTarPerm extractEntry vendor/pulse/proplist.h
144 silly gunzTarPerm modified mode [ 'vendor/pulse/proplist.h', 420, 438 ]
145 silly gunzTarPerm extractEntry vendor/pulse/pulseaudio.h
146 silly gunzTarPerm modified mode [ 'vendor/pulse/pulseaudio.h', 420, 438 ]
147 silly gunzTarPerm extractEntry vendor/pulse/rtclock.h
148 silly gunzTarPerm modified mode [ 'vendor/pulse/rtclock.h', 420, 438 ]
149 silly gunzTarPerm extractEntry vendor/pulse/sample.h
150 silly gunzTarPerm modified mode [ 'vendor/pulse/sample.h', 420, 438 ]
151 silly gunzTarPerm extractEntry vendor/pulse/scache.h
152 silly gunzTarPerm modified mode [ 'vendor/pulse/scache.h', 420, 438 ]
153 silly gunzTarPerm extractEntry vendor/pulse/simple.h
154 silly gunzTarPerm modified mode [ 'vendor/pulse/simple.h', 420, 438 ]
155 silly gunzTarPerm extractEntry vendor/pulse/stream.h
156 silly gunzTarPerm modified mode [ 'vendor/pulse/stream.h', 420, 438 ]
157 silly gunzTarPerm extractEntry vendor/pulse/subscribe.h
158 silly gunzTarPerm modified mode [ 'vendor/pulse/subscribe.h', 420, 438 ]
159 silly gunzTarPerm extractEntry vendor/pulse/thread-mainloop.h
160 silly gunzTarPerm modified mode [ 'vendor/pulse/thread-mainloop.h', 420, 438 ]
161 silly gunzTarPerm extractEntry vendor/pulse/timeval.h
162 silly gunzTarPerm modified mode [ 'vendor/pulse/timeval.h', 420, 438 ]
163 silly gunzTarPerm extractEntry vendor/pulse/utf8.h
164 silly gunzTarPerm modified mode [ 'vendor/pulse/utf8.h', 420, 438 ]
165 silly gunzTarPerm extractEntry vendor/pulse/util.h
166 silly gunzTarPerm modified mode [ 'vendor/pulse/util.h', 420, 438 ]
167 silly gunzTarPerm extractEntry vendor/pulse/version.h
168 silly gunzTarPerm modified mode [ 'vendor/pulse/version.h', 420, 438 ]
169 silly gunzTarPerm extractEntry vendor/pulse/volume.h
170 silly gunzTarPerm modified mode [ 'vendor/pulse/volume.h', 420, 438 ]
171 silly gunzTarPerm extractEntry vendor/pulse/xmalloc.h
172 silly gunzTarPerm modified mode [ 'vendor/pulse/xmalloc.h', 420, 438 ]
173 silly gentlyRm D:\Codebase\NodeJs\IBM Watson\node_modules\.staging\line-in-681fa409\node_modules is being purged
174 verbose gentlyRm don't care about contents; nuking D:\Codebase\NodeJs\IBM Watson\node_modules\.staging\line-in-681fa409\node_modules
175 silly doParallel preinstall 1
176 silly preinstall line-in@0.1.2 D:\Codebase\NodeJs\IBM Watson\node_modules\.staging\line-in-681fa409
177 info lifecycle line-in@0.1.2~preinstall: line-in@0.1.2
178 silly lifecycle line-in@0.1.2~preinstall: no script for preinstall, continuing
179 silly doReverseSerial remove 0
180 silly doSerial move 0
181 silly doSerial finalize 1
182 silly finalize D:\Codebase\NodeJs\IBM Watson\node_modules\line-in
183 silly doSerial build 1
184 silly build line-in@0.1.2
185 info linkStuff line-in@0.1.2
186 silly linkStuff line-in@0.1.2 has D:\Codebase\NodeJs\IBM Watson\node_modules as its parent node_modules
187 verbose linkBins line-in@0.1.2
188 verbose linkMans line-in@0.1.2
189 silly doSerial global-link 0
190 silly doParallel update-linked 0
191 silly doSerial install 1
192 silly install line-in@0.1.2 D:\Codebase\NodeJs\IBM Watson\node_modules\.staging\line-in-681fa409
193 info lifecycle line-in@0.1.2~install: line-in@0.1.2
194 verbose lifecycle line-in@0.1.2~install: unsafe-perm in lifecycle true
195 verbose lifecycle line-in@0.1.2~install: PATH: C:\Program Files\nodejs\node_modules\npm\bin\node-gyp-bin;D:\Codebase\NodeJs\IBM Watson\node_modules\line-in\node_modules\.bin;D:\Codebase\NodeJs\IBM Watson\node_modules\.bin;C:\ProgramData\Oracle\Java\javapath;C:\Windows\system32;C:\Windows;C:\Windows\System32\Wbem;C:\Windows\System32\WindowsPowerShell\v1.0\;C:\Program Files\nodejs\;C:\Program Files\jEdit;C:\Program Files\Java\jdk1.8.0_112\bin;C:\Program Files\MongoDB\Server\3.4\bin;C:\Program Files\Git\cmd;C:\Program Files (x86)\Skype\Phone\;C:\Users\Ashok\AppData\Roaming\npm;C:\Users\Ashok\AppData\Local\atom\bin;C:\Program Files\Java\jre-9.0.1\bin;C:\Program Files\Microsoft VS Code\bin;C:\Program Files\heroku\bin
196 verbose lifecycle line-in@0.1.2~install: CWD: D:\Codebase\NodeJs\IBM Watson\node_modules\line-in
197 silly lifecycle line-in@0.1.2~install: Args: [ '/d /s /c', 'node-gyp rebuild' ]
198 silly lifecycle line-in@0.1.2~install: Returned: code: 1  signal: null
199 info lifecycle line-in@0.1.2~install: Failed to exec install script
200 verbose unlock done using C:\Users\Ashok\AppData\Roaming\npm-cache\_locks\staging-403af800f16e1be8.lock for D:\Codebase\NodeJs\IBM Watson\node_modules\.staging
201 silly rollbackFailedOptional Starting
202 silly rollbackFailedOptional Finishing
203 silly runTopLevelLifecycles Finishing
204 silly install printInstalled
205 warn nodewatsonservicepoc@1.0.0 No repository field.
206 verbose If you need help, you may report this error at:
206 verbose     <https://github.com/npm/npm/issues>
207 verbose stack Error: line-in@0.1.2 install: `node-gyp rebuild`
207 verbose stack Exit status 1
207 verbose stack     at EventEmitter.<anonymous> (C:\Program Files\nodejs\node_modules\npm\lib\utils\lifecycle.js:255:16)
207 verbose stack     at emitTwo (events.js:106:13)
207 verbose stack     at EventEmitter.emit (events.js:191:7)
207 verbose stack     at ChildProcess.<anonymous> (C:\Program Files\nodejs\node_modules\npm\lib\utils\spawn.js:40:14)
207 verbose stack     at emitTwo (events.js:106:13)
207 verbose stack     at ChildProcess.emit (events.js:191:7)
207 verbose stack     at maybeClose (internal/child_process.js:885:16)
207 verbose stack     at Process.ChildProcess._handle.onexit (internal/child_process.js:226:5)
208 verbose pkgid line-in@0.1.2
209 verbose cwd D:\Codebase\NodeJs\IBM Watson
210 error Windows_NT 6.3.9600
211 error argv "C:\\Program Files\\nodejs\\node.exe" "C:\\Program Files\\nodejs\\node_modules\\npm\\bin\\npm-cli.js" "i" "-S" "line-in"
212 error node v7.2.1
213 error npm  v3.10.10
214 error code ELIFECYCLE
215 error line-in@0.1.2 install: `node-gyp rebuild`
215 error Exit status 1
216 error Failed at the line-in@0.1.2 install script 'node-gyp rebuild'.
216 error Make sure you have the latest version of node.js and npm installed.
216 error If you do, this is most likely a problem with the line-in package,
216 error not with npm itself.
216 error Tell the author that this fails on your system:
216 error     node-gyp rebuild
216 error You can get information on how to open an issue for this project with:
216 error     npm bugs line-in
216 error Or if that isn't available, you can get their info via:
216 error     npm owner ls line-in
216 error There is likely additional logging output above.
217 verbose exit [ 1, true ]
